     diagonalizing the dynamical matrix ...

 q =       0.0000      0.0000      0.0000
 **************************************************************************
     freq (    1) =      -6.784047 [THz] =    -226.291446 [cm-1]
 (  0.000000   0.000000     0.799732   0.000000     0.000000   0.000000   )
 (  0.000000   0.000000    -0.600357   0.000000     0.000000   0.000000   )
     freq (    2) =      -6.784047 [THz] =    -226.291446 [cm-1]
 (  0.799732   0.000000     0.000000   0.000000     0.000000   0.000000   )
 ( -0.600357   0.000000     0.000000   0.000000     0.000000   0.000000   )
     freq (    3) =      -0.000001 [THz] =      -0.000018 [cm-1]
 (  0.000000   0.000000     0.000000   0.000000    -0.707107   0.000000   )
 (  0.000000   0.000000     0.000000   0.000000    -0.707107   0.000000   )
     freq (    4) =      -0.000000 [THz] =      -0.000005 [cm-1]
 (  0.000000   0.000000    -0.707107   0.000000     0.000000   0.000000   )
 (  0.000000   0.000000    -0.707107   0.000000     0.000000   0.000000   )
     freq (    5) =       0.000000 [THz] =       0.000002 [cm-1]
 ( -0.707107   0.000000     0.000000   0.000000     0.000000   0.000000   )
 ( -0.707107   0.000000     0.000000   0.000000     0.000000   0.000000   )
     freq (    6) =      63.904580 [THz] =    2131.627356 [cm-1]
 (  0.000000   0.000000     0.000000   0.000000     0.799732   0.000000   )
 (  0.000000   0.000000     0.000000   0.000000    -0.600357   0.000000   )
 **************************************************************************
